\BOOKMARK [1][-]{section.1}{Algoritmos}{}
\BOOKMARK [1][-]{section.2}{Estructuras}{}
\BOOKMARK [2][-]{subsection.2.1}{Range Minimum Query <n logn, 1> \(get\)}{section.2}
\BOOKMARK [2][-]{subsection.2.2}{Range Minimum Query + Lazy Updating <n, n logn>}{section.2}
\BOOKMARK [2][-]{subsection.2.3}{Cantidad de menores o iguales en O\(log n\)}{section.2}
\BOOKMARK [2][-]{subsection.2.4}{Suffix Array - Longuest Common Prefix}{section.2}
\BOOKMARK [1][-]{section.3}{Geom}{}
\BOOKMARK [2][-]{subsection.3.1}{Point in Poly}{section.3}
\BOOKMARK [2][-]{subsection.3.2}{Convex Hull}{section.3}
\BOOKMARK [2][-]{subsection.3.3}{Circulo m\355nimo}{section.3}
\BOOKMARK [2][-]{subsection.3.4}{M\341ximo rect\341ngulo entre puntos}{section.3}
\BOOKMARK [2][-]{subsection.3.5}{M\341xima cantidad de puntos alineados}{section.3}
\BOOKMARK [2][-]{subsection.3.6}{Centro de masa y area de un pol\355gono}{section.3}
\BOOKMARK [2][-]{subsection.3.7}{Par de puntos mas cercano}{section.3}
\BOOKMARK [2][-]{subsection.3.8}{CCW}{section.3}
\BOOKMARK [2][-]{subsection.3.9}{Sweep Line}{section.3}
\BOOKMARK [2][-]{subsection.3.10}{Intersecci'on de segmentos}{section.3}
\BOOKMARK [2][-]{subsection.3.11}{Distancia entre segmentos}{section.3}
\BOOKMARK [2][-]{subsection.3.12}{Orden total de puntos alrededor de un centro}{section.3}
\BOOKMARK [2][-]{subsection.3.13}{Intersecci\363n \(y yerbas afines\) de circulos en O\(n3 lgn\)}{section.3}
\BOOKMARK [2][-]{subsection.3.14}{Interseccion semiplano-poligono convexo O\(n\)}{section.3}
\BOOKMARK [2][-]{subsection.3.15}{Distancia punto-triangulo en 3D}{section.3}
\BOOKMARK [2][-]{subsection.3.16}{Cuentitas}{section.3}
\BOOKMARK [1][-]{section.4}{Grafos}{}
\BOOKMARK [2][-]{subsection.4.1}{Floyd-Warhsall}{section.4}
\BOOKMARK [2][-]{subsection.4.2}{Bellman-Ford}{section.4}
\BOOKMARK [2][-]{subsection.4.3}{Lowest Common Ancestor}{section.4}
\BOOKMARK [2][-]{subsection.4.4}{Kruskal \046 Union-Find}{section.4}
\BOOKMARK [2][-]{subsection.4.5}{Grafo cactus}{section.4}
\BOOKMARK [2][-]{subsection.4.6}{Puntos de articulaci\363n}{section.4}
\BOOKMARK [2][-]{subsection.4.7}{Algoritmos de Flujo}{section.4}
\BOOKMARK [3][-]{subsubsection.4.7.1}{Edmond-Karp}{subsection.4.7}
\BOOKMARK [3][-]{subsubsection.4.7.2}{Dinitz}{subsection.4.7}
\BOOKMARK [3][-]{subsubsection.4.7.3}{Flujo de costo minimo \(vale multiejes\)}{subsection.4.7}
\BOOKMARK [2][-]{subsection.4.8}{Matching perfecto de costo m\341ximo - Hungarian O\(N\1363\)}{section.4}
\BOOKMARK [2][-]{subsection.4.9}{Camino/Circuito Euleriano}{section.4}
\BOOKMARK [2][-]{subsection.4.10}{Erdos-Gallai}{section.4}
\BOOKMARK [1][-]{section.5}{Matem\341tica}{}
\BOOKMARK [2][-]{subsection.5.1}{Algoritmos de cuentas}{section.5}
\BOOKMARK [3][-]{subsubsection.5.1.1}{MCD}{subsection.5.1}
\BOOKMARK [3][-]{subsubsection.5.1.2}{N'umero combinatorio}{subsection.5.1}
\BOOKMARK [3][-]{subsubsection.5.1.3}{Teorema Chino del Resto}{subsection.5.1}
\BOOKMARK [3][-]{subsubsection.5.1.4}{Potenciaci'on en O\(log\(e\)\)}{subsection.5.1}
\BOOKMARK [3][-]{subsubsection.5.1.5}{Longitud de los n'umeros de 1 a N}{subsection.5.1}
\BOOKMARK [2][-]{subsection.5.2}{Teoremas y propiedades}{section.5}
\BOOKMARK [3][-]{subsubsection.5.2.1}{Ecuaci'on de grafo planar}{subsection.5.2}
\BOOKMARK [3][-]{subsubsection.5.2.2}{Ternas pitag'oricas}{subsection.5.2}
\BOOKMARK [3][-]{subsubsection.5.2.3}{Teorema de Pick}{subsection.5.2}
\BOOKMARK [3][-]{subsubsection.5.2.4}{Propiedadas varias}{subsection.5.2}
\BOOKMARK [2][-]{subsection.5.3}{Tablas y cotas}{section.5}
\BOOKMARK [3][-]{subsubsection.5.3.1}{Primos}{subsection.5.3}
\BOOKMARK [3][-]{subsubsection.5.3.2}{Divisores}{subsection.5.3}
\BOOKMARK [3][-]{subsubsection.5.3.3}{Factoriales}{subsection.5.3}
\BOOKMARK [2][-]{subsection.5.4}{Soluci\363n de Sistemas Lineales}{section.5}
\BOOKMARK [2][-]{subsection.5.5}{BigInt}{section.5}
\BOOKMARK [2][-]{subsection.5.6}{Fracci'on}{section.5}
\BOOKMARK [1][-]{section.6}{Cosas}{}
\BOOKMARK [2][-]{subsection.6.1}{Morris-Prath}{section.6}
\BOOKMARK [2][-]{subsection.6.2}{Subsecuencia com'un m'as larga}{section.6}
\BOOKMARK [2][-]{subsection.6.3}{SAT - 2}{section.6}
\BOOKMARK [2][-]{subsection.6.4}{Male-optimal stable marriage problem O\(N2\)}{section.6}
\BOOKMARK [2][-]{subsection.6.5}{Integrador numerico \(simpson\).}{section.6}
\BOOKMARK [2][-]{subsection.6.6}{LIS}{section.6}
\BOOKMARK [2][-]{subsection.6.7}{Algoritmo de Duval}{section.6}
